{"level":"info","category":"verifier","action":"Verification request created","data":{"requestId":"ae603531-b637-4425-9fc5-dc7fb64fd425","verifier":"jbt","purpose":"beer","requestedClaims":["fullName","ageOver21"],"businessPin":"979520"},"requestId":"ae603531-b637-4425-9fc5-dc7fb64fd425","timestamp":"2026-02-06T12:06:30.716Z"}
{"level":"debug","category":"verifier","action":"Request stored in localStorage","data":{"storageKey":"verification_request_979520","expiresAt":"2026-02-06T12:07:30.695Z"},"requestId":"ae603531-b637-4425-9fc5-dc7fb64fd425","timestamp":"2026-02-06T12:06:30.718Z"}
{"level":"info","category":"verifier","action":"Business PIN generated and ready for sharing","data":{"pin":"979520","requestId":"ae603531-b637-4425-9fc5-dc7fb64fd425"},"requestId":"ae603531-b637-4425-9fc5-dc7fb64fd425","timestamp":"2026-02-06T12:06:30.719Z"}
{"level":"info","category":"wallet","action":"User attempting to verify business code","data":{"businessCode":"979520"},"timestamp":"2026-02-06T12:06:38.051Z"}
{"level":"debug","category":"wallet","action":"Business request data retrieved","data":{"requestId":"ae603531-b637-4425-9fc5-dc7fb64fd425","verifier":"jbt","purpose":"beer","expiresAt":"2026-02-06T12:07:30.695Z"},"requestId":"ae603531-b637-4425-9fc5-dc7fb64fd425","timestamp":"2026-02-06T12:06:38.055Z"}
{"level":"info","category":"wallet","action":"Business request details loaded successfully","data":{"requestId":"ae603531-b637-4425-9fc5-dc7fb64fd425","verifier":"jbt","requestedClaims":["fullName","ageOver21"]},"requestId":"ae603531-b637-4425-9fc5-dc7fb64fd425","timestamp":"2026-02-06T12:06:38.057Z"}
{"level":"info","category":"wallet","action":"User approving verification request","data":{"requestId":"ae603531-b637-4425-9fc5-dc7fb64fd425","verifier":"jbt","requestedTypes":["fullName","ageOver21"]},"requestId":"ae603531-b637-4425-9fc5-dc7fb64fd425","timestamp":"2026-02-06T12:06:39.773Z"}
{"level":"debug","category":"wallet","action":"User data prepared for verification","data":{"requestId":"ae603531-b637-4425-9fc5-dc7fb64fd425","dataTypes":["fullName","ageOver21"],"userData":{"fullName":"John Doe","ageOver21":true}},"requestId":"ae603531-b637-4425-9fc5-dc7fb64fd425","timestamp":"2026-02-06T12:06:39.774Z"}
{"level":"info","category":"wallet","action":"User verification PIN generated","data":{"userPin":"137356","businessCode":"979520","requestId":"ae603531-b637-4425-9fc5-dc7fb64fd425","expiresAt":"2026-02-06T12:11:39.770Z","sharedDataTypes":["fullName","ageOver21"]},"requestId":"ae603531-b637-4425-9fc5-dc7fb64fd425","timestamp":"2026-02-06T12:06:39.777Z"}
{"level":"info","category":"verifier","action":"Attempting to verify user PIN","data":{"userPin":"137356"},"timestamp":"2026-02-06T12:06:48.338Z"}
{"level":"debug","category":"verifier","action":"User verification data retrieved","data":{"userPin":"137356","requestId":"ae603531-b637-4425-9fc5-dc7fb64fd425","businessCode":"979520","expiresAt":"2026-02-06T12:11:39.770Z","dataTypes":["fullName","ageOver21"]},"requestId":"ae603531-b637-4425-9fc5-dc7fb64fd425","timestamp":"2026-02-06T12:06:48.342Z"}
{"level":"info","category":"verifier","action":"User verification completed successfully","data":{"userPin":"137356","requestId":"ae603531-b637-4425-9fc5-dc7fb64fd425","verifiedDataTypes":["fullName","ageOver21"],"verifier":"jbt"},"requestId":"ae603531-b637-4425-9fc5-dc7fb64fd425","timestamp":"2026-02-06T12:06:48.349Z"}
{"level":"debug","category":"verifier","action":"Verification data cleaned up","data":{"removedKeys":["verification_data_137356","verification_request_979520"],"requestId":"ae603531-b637-4425-9fc5-dc7fb64fd425"},"requestId":"ae603531-b637-4425-9fc5-dc7fb64fd425","timestamp":"2026-02-06T12:06:48.353Z"}
{"level":"info","category":"verifier","action":"Verification request created","data":{"requestId":"cd7b89cc-d225-44bf-9421-15e1e706d2cb","verifier":"coffee","purpose":"beer","requestedClaims":["ageOver21","fullName"],"businessPin":"002602"},"requestId":"cd7b89cc-d225-44bf-9421-15e1e706d2cb","timestamp":"2026-02-06T13:35:10.369Z"}
{"level":"debug","category":"verifier","action":"Request stored in localStorage","data":{"storageKey":"verification_request_002602","expiresAt":"2026-02-06T13:36:10.356Z"},"requestId":"cd7b89cc-d225-44bf-9421-15e1e706d2cb","timestamp":"2026-02-06T13:35:10.372Z"}
{"level":"info","category":"verifier","action":"Business PIN generated and ready for sharing","data":{"pin":"002602","requestId":"cd7b89cc-d225-44bf-9421-15e1e706d2cb"},"requestId":"cd7b89cc-d225-44bf-9421-15e1e706d2cb","timestamp":"2026-02-06T13:35:10.373Z"}
{"level":"info","category":"wallet","action":"User attempting to verify business code","data":{"businessCode":"002602"},"timestamp":"2026-02-06T13:35:29.792Z"}
{"level":"debug","category":"wallet","action":"Business request data retrieved","data":{"requestId":"cd7b89cc-d225-44bf-9421-15e1e706d2cb","verifier":"coffee","purpose":"beer","expiresAt":"2026-02-06T13:36:10.356Z"},"requestId":"cd7b89cc-d225-44bf-9421-15e1e706d2cb","timestamp":"2026-02-06T13:35:29.794Z"}
{"level":"info","category":"wallet","action":"Business request details loaded successfully","data":{"requestId":"cd7b89cc-d225-44bf-9421-15e1e706d2cb","verifier":"coffee","requestedClaims":["ageOver21","fullName"]},"requestId":"cd7b89cc-d225-44bf-9421-15e1e706d2cb","timestamp":"2026-02-06T13:35:29.794Z"}
{"level":"info","category":"wallet","action":"User approving verification request","data":{"requestId":"cd7b89cc-d225-44bf-9421-15e1e706d2cb","verifier":"coffee","requestedTypes":["ageOver21","fullName"]},"requestId":"cd7b89cc-d225-44bf-9421-15e1e706d2cb","timestamp":"2026-02-06T13:35:40.214Z"}
{"level":"info","category":"wallet","action":"User verification PIN generated","data":{"userPin":"912435","businessCode":"002602","requestId":"cd7b89cc-d225-44bf-9421-15e1e706d2cb","expiresAt":"2026-02-06T13:40:40.199Z","sharedDataTypes":["fullName","ageOver21"]},"requestId":"cd7b89cc-d225-44bf-9421-15e1e706d2cb","timestamp":"2026-02-06T13:35:40.221Z"}
{"level":"debug","category":"wallet","action":"User data prepared for verification","data":{"requestId":"cd7b89cc-d225-44bf-9421-15e1e706d2cb","dataTypes":["fullName","ageOver21"],"userData":{"fullName":"John Doe","ageOver21":true}},"requestId":"cd7b89cc-d225-44bf-9421-15e1e706d2cb","timestamp":"2026-02-06T13:35:40.222Z"}
{"level":"info","category":"verifier","action":"Attempting to verify user PIN","data":{"userPin":"912435"},"timestamp":"2026-02-06T13:35:51.148Z"}
{"level":"debug","category":"verifier","action":"User verification data retrieved","data":{"userPin":"912435","requestId":"cd7b89cc-d225-44bf-9421-15e1e706d2cb","businessCode":"002602","expiresAt":"2026-02-06T13:40:40.199Z","dataTypes":["fullName","ageOver21"]},"requestId":"cd7b89cc-d225-44bf-9421-15e1e706d2cb","timestamp":"2026-02-06T13:35:51.150Z"}
{"level":"info","category":"verifier","action":"User verification completed successfully","data":{"userPin":"912435","requestId":"cd7b89cc-d225-44bf-9421-15e1e706d2cb","verifiedDataTypes":["fullName","ageOver21"],"verifier":"coffee"},"requestId":"cd7b89cc-d225-44bf-9421-15e1e706d2cb","timestamp":"2026-02-06T13:35:51.155Z"}
{"level":"debug","category":"verifier","action":"Verification data cleaned up","data":{"removedKeys":["verification_data_912435","verification_request_002602"],"requestId":"cd7b89cc-d225-44bf-9421-15e1e706d2cb"},"requestId":"cd7b89cc-d225-44bf-9421-15e1e706d2cb","timestamp":"2026-02-06T13:35:51.155Z"}
